[2025-04-12T16:52:51.784+0000] {taskinstance.py:1165} INFO - Dependencies all met for <TaskInstance: example_branch_operator.branching scheduled__2025-04-11T00:00:00+00:00 [queued]>
[2025-04-12T16:52:51.830+0000] {taskinstance.py:1165} INFO - Dependencies all met for <TaskInstance: example_branch_operator.branching scheduled__2025-04-11T00:00:00+00:00 [queued]>
[2025-04-12T16:52:51.832+0000] {taskinstance.py:1362} INFO - 
--------------------------------------------------------------------------------
[2025-04-12T16:52:51.833+0000] {taskinstance.py:1363} INFO - Starting attempt 1 of 1
[2025-04-12T16:52:51.834+0000] {taskinstance.py:1364} INFO - 
--------------------------------------------------------------------------------
[2025-04-12T16:52:51.904+0000] {taskinstance.py:1383} INFO - Executing <Task(BranchPythonOperator): branching> on 2025-04-11 00:00:00+00:00
[2025-04-12T16:52:51.922+0000] {standard_task_runner.py:55} INFO - Started process 994 to run task
[2025-04-12T16:52:51.941+0000] {standard_task_runner.py:82} INFO - Running: ['***', 'tasks', 'run', 'example_branch_operator', 'branching', 'scheduled__2025-04-11T00:00:00+00:00', '--job-id', '3', '--raw', '--subdir', '/home/***/.local/lib/python3.7/site-packages/***/example_dags/example_branch_operator.py', '--cfg-path', '/tmp/tmp8vaezh7n']
[2025-04-12T16:52:51.946+0000] {standard_task_runner.py:83} INFO - Job 3: Subtask branching
[2025-04-12T16:52:52.228+0000] {task_command.py:376} INFO - Running <TaskInstance: example_branch_operator.branching scheduled__2025-04-11T00:00:00+00:00 [running]> on host e04e448c60e8
[2025-04-12T16:52:52.543+0000] {taskinstance.py:1592} INFO - Exporting the following env vars:
AIRFLOW_CTX_DAG_OWNER=***
AIRFLOW_CTX_DAG_ID=example_branch_operator
AIRFLOW_CTX_TASK_ID=branching
AIRFLOW_CTX_EXECUTION_DATE=2025-04-11T00:00:00+00:00
AIRFLOW_CTX_TRY_NUMBER=1
AIRFLOW_CTX_DAG_RUN_ID=scheduled__2025-04-11T00:00:00+00:00
[2025-04-12T16:52:52.547+0000] {python.py:177} INFO - Done. Returned value was: branch_d
[2025-04-12T16:52:52.551+0000] {skipmixin.py:155} INFO - Following branch branch_d
[2025-04-12T16:52:52.554+0000] {skipmixin.py:190} INFO - Skipping tasks ['branch_a', 'branch_b', 'branch_c']
[2025-04-12T16:52:52.742+0000] {taskinstance.py:1406} INFO - Marking task as SUCCESS. dag_id=example_branch_operator, task_id=branching, execution_date=20250411T000000, start_date=20250412T165251, end_date=20250412T165252
[2025-04-12T16:52:52.831+0000] {local_task_job.py:164} INFO - Task exited with return code 0
[2025-04-12T16:52:52.992+0000] {local_task_job.py:273} INFO - 1 downstream tasks scheduled from follow-on schedule check
