[2025-04-13T00:30:43.479+0000] {taskinstance.py:1165} INFO - Dependencies all met for <TaskInstance: example_branch_operator.branching scheduled__2025-04-12T00:00:00+00:00 [queued]>
[2025-04-13T00:30:43.502+0000] {taskinstance.py:1165} INFO - Dependencies all met for <TaskInstance: example_branch_operator.branching scheduled__2025-04-12T00:00:00+00:00 [queued]>
[2025-04-13T00:30:43.505+0000] {taskinstance.py:1362} INFO - 
--------------------------------------------------------------------------------
[2025-04-13T00:30:43.506+0000] {taskinstance.py:1363} INFO - Starting attempt 1 of 1
[2025-04-13T00:30:43.508+0000] {taskinstance.py:1364} INFO - 
--------------------------------------------------------------------------------
[2025-04-13T00:30:43.529+0000] {taskinstance.py:1383} INFO - Executing <Task(BranchPythonOperator): branching> on 2025-04-12 00:00:00+00:00
[2025-04-13T00:30:43.538+0000] {standard_task_runner.py:55} INFO - Started process 11693 to run task
[2025-04-13T00:30:43.543+0000] {standard_task_runner.py:82} INFO - Running: ['***', 'tasks', 'run', 'example_branch_operator', 'branching', 'scheduled__2025-04-12T00:00:00+00:00', '--job-id', '4', '--raw', '--subdir', '/home/***/.local/lib/python3.7/site-packages/***/example_dags/example_branch_operator.py', '--cfg-path', '/tmp/tmp8utkep9h']
[2025-04-13T00:30:43.544+0000] {standard_task_runner.py:83} INFO - Job 4: Subtask branching
[2025-04-13T00:30:43.615+0000] {task_command.py:376} INFO - Running <TaskInstance: example_branch_operator.branching scheduled__2025-04-12T00:00:00+00:00 [running]> on host e04e448c60e8
[2025-04-13T00:30:43.689+0000] {taskinstance.py:1592} INFO - Exporting the following env vars:
AIRFLOW_CTX_DAG_OWNER=***
AIRFLOW_CTX_DAG_ID=example_branch_operator
AIRFLOW_CTX_TASK_ID=branching
AIRFLOW_CTX_EXECUTION_DATE=2025-04-12T00:00:00+00:00
AIRFLOW_CTX_TRY_NUMBER=1
AIRFLOW_CTX_DAG_RUN_ID=scheduled__2025-04-12T00:00:00+00:00
[2025-04-13T00:30:43.690+0000] {python.py:177} INFO - Done. Returned value was: branch_c
[2025-04-13T00:30:43.690+0000] {skipmixin.py:155} INFO - Following branch branch_c
[2025-04-13T00:30:43.691+0000] {skipmixin.py:190} INFO - Skipping tasks ['branch_a', 'branch_b', 'branch_d']
[2025-04-13T00:30:43.729+0000] {taskinstance.py:1406} INFO - Marking task as SUCCESS. dag_id=example_branch_operator, task_id=branching, execution_date=20250412T000000, start_date=20250413T003043, end_date=20250413T003043
[2025-04-13T00:30:43.761+0000] {local_task_job.py:164} INFO - Task exited with return code 0
[2025-04-13T00:30:43.800+0000] {local_task_job.py:273} INFO - 1 downstream tasks scheduled from follow-on schedule check
